<?xml version="1.0" encoding="UTF-8"?>
<testng-results ignored="0" total="2" passed="2" failed="0" skipped="0">
  <reporter-output>
  </reporter-output>
  <suite started-at="2025-03-04T15:04:44 IST" name="Default suite" finished-at="2025-03-04T15:04:44 IST" duration-ms="52">
    <groups>
    </groups>
    <test started-at="2025-03-04T15:04:44 IST" name="Default test" finished-at="2025-03-04T15:04:44 IST" duration-ms="52">
      <class name="testng.Annotations">
        <test-method is-config="true" signature="login()[pri:0, instance:testng.Annotations@6fdbe764]" started-at="2025-03-04T15:04:44 IST" name="login" finished-at="2025-03-04T15:04:44 IST" duration-ms="7" status="PASS">
          <reporter-output>
          </reporter-output>
        </test-method> <!-- login -->
        <test-method signature="search()[pri:1, instance:testng.Annotations@6fdbe764]" started-at="2025-03-04T15:04:44 IST" name="search" finished-at="2025-03-04T15:04:44 IST" duration-ms="5" status="PASS">
          <reporter-output>
          </reporter-output>
        </test-method> <!-- search -->
        <test-method signature="advsearch()[pri:2, instance:testng.Annotations@6fdbe764]" started-at="2025-03-04T15:04:44 IST" name="advsearch" finished-at="2025-03-04T15:04:44 IST" duration-ms="2" status="PASS">
          <reporter-output>
          </reporter-output>
        </test-method> <!-- advsearch -->
        <test-method is-config="true" signature="logout()[pri:0, instance:testng.Annotations@6fdbe764]" started-at="2025-03-04T15:04:44 IST" name="logout" finished-at="2025-03-04T15:04:44 IST" duration-ms="0" status="PASS">
          <reporter-output>
          </reporter-output>
        </test-method> <!-- logout -->
      </class> <!-- testng.Annotations -->
    </test> <!-- Default test -->
  </suite> <!-- Default suite -->
</testng-results>
