<?xml version="1.0" encoding="UTF-8"?>
<testng-results ignored="5" total="8" passed="3" failed="0" skipped="0">
  <reporter-output>
  </reporter-output>
  <suite started-at="2025-02-25T17:00:48 IST" name="groupingsuite" finished-at="2025-02-25T17:00:48 IST" duration-ms="55">
    <groups>
      <group name="sanity">
        <method signature="LoginTests.LoginByEmail()[pri:1, instance:testng.grouping.LoginTests@7bab3f1a]" name="LoginByEmail" class="testng.grouping.LoginTests"/>
        <method signature="LoginTests.LoginByFaceBook()[pri:2, instance:testng.grouping.LoginTests@7bab3f1a]" name="LoginByFaceBook" class="testng.grouping.LoginTests"/>
        <method signature="LoginTests.LoginByTwitter()[pri:3, instance:testng.grouping.LoginTests@7bab3f1a]" name="LoginByTwitter" class="testng.grouping.LoginTests"/>
      </group> <!-- sanity -->
    </groups>
    <test started-at="2025-02-25T17:00:48 IST" name="groupingtests" finished-at="2025-02-25T17:00:48 IST" duration-ms="55">
      <class name="testng.grouping.LoginTests">
        <test-method signature="LoginByEmail()[pri:1, instance:testng.grouping.LoginTests@7bab3f1a]" started-at="2025-02-25T17:00:48 IST" name="LoginByEmail" finished-at="2025-02-25T17:00:48 IST" duration-ms="9" status="PASS">
          <reporter-output>
          </reporter-output>
        </test-method> <!-- LoginByEmail -->
        <test-method signature="LoginByFaceBook()[pri:2, instance:testng.grouping.LoginTests@7bab3f1a]" started-at="2025-02-25T17:00:48 IST" name="LoginByFaceBook" finished-at="2025-02-25T17:00:48 IST" duration-ms="1" status="PASS">
          <reporter-output>
          </reporter-output>
        </test-method> <!-- LoginByFaceBook -->
        <test-method signature="LoginByTwitter()[pri:3, instance:testng.grouping.LoginTests@7bab3f1a]" started-at="2025-02-25T17:00:48 IST" name="LoginByTwitter" finished-at="2025-02-25T17:00:48 IST" duration-ms="2" status="PASS">
          <reporter-output>
          </reporter-output>
        </test-method> <!-- LoginByTwitter -->
      </class> <!-- testng.grouping.LoginTests -->
    </test> <!-- groupingtests -->
  </suite> <!-- groupingsuite -->
</testng-results>
