<?xml version="1.0" encoding="UTF-8"?>
<!-- Generated by org.testng.reporters.JUnitXMLReporter -->
<testsuite ignored="0" hostname="PRO-CND1384QSX" failures="0" tests="3" name="factorytest" time="0.064" errors="0" timestamp="2025-02-10T16:29:45 IST">
  <testcase classname="testng.FactoryA" name="testMethod" time="0.012"/>
  <testcase classname="testng.FactoryA" name="testMethod" time="0.001"/>
  <testcase classname="testng.FactoryA" name="testMethod" time="0.001"/>
</testsuite> <!-- factorytest -->
