<?xml version="1.0" encoding="UTF-8"?>
<!-- Generated by org.testng.reporters.JUnitXMLReporter -->
<testsuite ignored="5" hostname="PRO-CND1384QSX" failures="0" tests="3" name="groupingtests" time="0.055" errors="0" timestamp="2025-02-25T17:00:48 IST">
  <testcase classname="testng.grouping.LoginTests" name="LoginByEmail" time="0.009"/>
  <testcase classname="testng.grouping.LoginTests" name="LoginByFaceBook" time="0.001"/>
  <testcase classname="testng.grouping.LoginTests" name="LoginByTwitter" time="0.002"/>
  <testcase classname="testng.grouping.PaymentTests" name="paymentinDollors" time="0.0">
    <ignored/>
  </testcase> <!-- paymentinDollors -->
  <testcase classname="testng.grouping.PaymentTests" name="paymentinRupees" time="0.0">
    <ignored/>
  </testcase> <!-- paymentinRupees -->
  <testcase classname="testng.grouping.SignUpTests" name="SignUpByTwitter" time="0.0">
    <ignored/>
  </testcase> <!-- SignUpByTwitter -->
  <testcase classname="testng.grouping.SignUpTests" name="SignUpByEmail" time="0.0">
    <ignored/>
  </testcase> <!-- SignUpByEmail -->
  <testcase classname="testng.grouping.SignUpTests" name="SignUpByFaceBook" time="0.0">
    <ignored/>
  </testcase> <!-- SignUpByFaceBook -->
</testsuite> <!-- groupingtests -->
