<?xml version="1.0" encoding="UTF-8"?>
<testng-results ignored="0" total="2" passed="2" failed="0" skipped="0">
  <reporter-output>
  </reporter-output>
  <suite started-at="2022-12-11T16:34:17 IST" name="Suite" finished-at="2022-12-11T16:34:38 IST" duration-ms="21184">
    <groups>
    </groups>
    <test started-at="2022-12-11T16:34:17 IST" name="Test" finished-at="2022-12-11T16:34:38 IST" duration-ms="21184">
      <class name="com.TDD.TestCases.Test2">
        <test-method is-config="true" signature="setup()[pri:0, instance:com.TDD.TestCases.Test2@4f80542f]" started-at="2022-12-11T16:34:17 IST" name="setup" finished-at="2022-12-11T16:34:24 IST" duration-ms="7067" status="PASS">
          <reporter-output>
          </reporter-output>
        </test-method> <!-- setup -->
        <test-method signature="invalidCredentials()[pri:0, instance:com.TDD.TestCases.Test2@4f80542f]" started-at="2022-12-11T16:34:24 IST" name="invalidCredentials" finished-at="2022-12-11T16:34:38 IST" duration-ms="13538" status="PASS">
          <reporter-output>
          </reporter-output>
        </test-method> <!-- invalidCredentials -->
        <test-method is-config="true" signature="tearDown()[pri:0, instance:com.TDD.TestCases.Test2@4f80542f]" started-at="2022-12-11T16:34:38 IST" name="tearDown" finished-at="2022-12-11T16:34:38 IST" duration-ms="559" status="PASS">
          <reporter-output>
          </reporter-output>
        </test-method> <!-- tearDown -->
      </class> <!-- com.TDD.TestCases.Test2 -->
      <class name="com.TDD.TestCases.Test1">
        <test-method is-config="true" signature="setup()[pri:0, instance:com.TDD.TestCases.Test1@f0da945]" started-at="2022-12-11T16:34:17 IST" name="setup" finished-at="2022-12-11T16:34:20 IST" duration-ms="2468" status="PASS">
          <reporter-output>
          </reporter-output>
        </test-method> <!-- setup -->
        <test-method signature="validCredentials()[pri:0, instance:com.TDD.TestCases.Test1@f0da945]" started-at="2022-12-11T16:34:20 IST" name="validCredentials" finished-at="2022-12-11T16:34:36 IST" duration-ms="16331" status="PASS">
          <reporter-output>
          </reporter-output>
        </test-method> <!-- validCredentials -->
        <test-method is-config="true" signature="tearDown()[pri:0, instance:com.TDD.TestCases.Test1@f0da945]" started-at="2022-12-11T16:34:36 IST" name="tearDown" finished-at="2022-12-11T16:34:37 IST" duration-ms="656" status="PASS">
          <reporter-output>
          </reporter-output>
        </test-method> <!-- tearDown -->
      </class> <!-- com.TDD.TestCases.Test1 -->
    </test> <!-- Test -->
  </suite> <!-- Suite -->
</testng-results>
