<?xml version="1.0" encoding="UTF-8"?>
<!-- Generated by org.testng.reporters.JUnitXMLReporter -->
<testsuite ignored="0" hostname="PRO-CND1384QSX" failures="1" tests="3" name="Test" time="9.993" errors="0" timestamp="2025-02-20T15:17:56 IST">
  <testcase classname="testng.OrangeHRMListeners" name="testLogo" time="0.089"/>
  <testcase classname="testng.OrangeHRMListeners" name="testAppurl" time="0.016">
    <failure type="junit.framework.ComparisonFailure" message="expected:&amp;lt;...mo.orangehrmlive.com[/web/index.php/auth/login]&amp;gt; but was:&amp;lt;...mo.orangehrmlive.com[]&amp;gt;">
      <![CDATA[junit.framework.ComparisonFailure: expected:<...mo.orangehrmlive.com[/web/index.php/auth/login]> but was:<...mo.orangehrmlive.com[]>
at junit.framework.Assert.assertEquals(Assert.java:100)
at junit.framework.Assert.assertEquals(Assert.java:107)
at testng.OrangeHRMListeners.testAppurl(OrangeHRMListeners.java:36)
at java.base/java.util.ArrayList.forEach(ArrayList.java:1511)
... Removed 27 stack frames]]>
    </failure>
  </testcase> <!-- testAppurl -->
  <testcase classname="testng.OrangeHRMListeners" name="testHomepageTitle" time="0.0">
    <skipped/>
  </testcase> <!-- testHomepageTitle -->
</testsuite> <!-- Test -->
